Logger started at: Monday, July 14, 2014 1:56:11 AM EDT
Component: com.appcelerator.titanium.ios.core
Version: 1.0.0.1397694901
[56:11.663] Sent: >21*1405317371663*version<
[56:11.664] Recv: >1405317371663*2*3.2.3.GA<
[56:11.665] Sent: >36*1405317371664*option*monitorXHR*true<
[56:11.666] Recv: >1405317371664<
[56:11.666] Sent: >45*1405317371665*option*stepFiltersEnabled*false<
[56:11.666] Recv: >1405317371665<
[56:11.666] Sent: >45*1405317371666*option*suspendOnFirstLine*false<
[56:11.667] Recv: >1405317371666<
[56:11.667] Sent: >46*1405317371667*option*suspendOnExceptions*false<
[56:11.667] Recv: >1405317371667<
[56:11.668] Sent: >41*1405317371668*option*suspendOnErrors*true<
[56:11.668] Recv: >1405317371668<
[56:11.668] Sent: >43*1405317371669*option*suspendOnKeywords*true<
[56:11.668] Recv: >1405317371669<
[56:11.669] Sent: >45*1405317371670*option*bypassConstructors*false<
[56:11.669] Recv: >1405317371670<
[56:11.669] Sent: >45*1405317371671*option*stepFiltersEnabled*false<
[56:11.670] Recv: >1405317371671<
[56:11.670] Sent: >30*1405317371672*detailFormatters<
[56:11.670] Recv: >1405317371672<
[56:11.670] Sent: >20*1405317371673*enable<
[56:11.671] Recv: >1405317371673<
[56:11.673] Recv: >threads*created*0*kroll$1<
[56:11.673] Recv: >log*out*[DEBUG] Analytics is enabled = YES<
[56:11.674] Recv: >log*out*[DEBUG] Loading: /Users/MikeAurin/Library/Application Support/iPhone Simulator/7.1-64/Applications/04DB65A0-ECAF-4DCC-A277-DAC9711A5A76/Remote Data.app/app.js, Resource: app_js<
[56:11.674] Recv: >scripts*created*343988704|app:/app.js||1|16<
[56:11.675] Recv: >resumed*0*started<
[56:11.675] Recv: >log*out*[DEBUG] Loading: /Users/MikeAurin/Library/Application Support/iPhone Simulator/7.1-64/Applications/04DB65A0-ECAF-4DCC-A277-DAC9711A5A76/Remote Data.app/API.js, Resource: API_js<
[56:11.751] Recv: >log*out*[DEBUG] Application booted in 122.337997 ms<
----------End of file----------
